Traceback (most recent call last):
  File "/home/franinsu/anaconda3/envs/py38/lib/python3.8/site-packages/torch/utils/tensorboard/__init__.py", line 2, in <module>
    from tensorboard.summary.writer.record_writer import RecordWriter  # noqa F401
ModuleNotFoundError: No module named 'tensorboard'

During handling of the above exception, another exception occurred:

Traceback (most recent call last):
  File "./cloud_script.py", line 11, in <module>
    from torch.utils.tensorboard import SummaryWriter
  File "/home/franinsu/anaconda3/envs/py38/lib/python3.8/site-packages/torch/utils/tensorboard/__init__.py", line 4, in <module>
    raise ImportError('TensorBoard logging requires TensorBoard with Python summary writer installed. '
ImportError: TensorBoard logging requires TensorBoard with Python summary writer installed. This should be available in 1.14 or above.
Traceback (most recent call last):
  File "./cloud_script.py", line 13, in <module>
    import optuna
ModuleNotFoundError: No module named 'optuna'
Traceback (most recent call last):
  File "./cloud_script.py", line 13, in <module>
    import optuna
ModuleNotFoundError: No module named 'optuna'
